{"numFailedTestSuites":1,"numFailedTests":4,"numPassedTestSuites":0,"numPassedTests":0,"numPendingTestSuites":0,"numPendingTests":0,"numRuntimeErrorTestSuites":0,"numTodoTests":0,"numTotalTestSuites":1,"numTotalTests":4,"openHandles":[],"snapshot":{"added":0,"didUpdate":false,"failure":false,"filesAdded":0,"filesRemoved":0,"filesRemovedList":[],"filesUnmatched":0,"filesUpdated":0,"matched":0,"total":0,"unchecked":0,"uncheckedKeysByFile":[],"unmatched":0,"updated":0},"startTime":1772361995938,"success":false,"testResults":[{"assertionResults":[{"ancestorTitles":["Limit Order Feature","Parser Logic"],"duration":4,"failureDetails":[{"matcherResult":{"expected":"BTC","message":"\u001b[2mexpect(\u001b[22m\u001b[31mreceived\u001b[39m\u001b[2m).\u001b[22mtoBe\u001b[2m(\u001b[22m\u001b[32mexpected\u001b[39m\u001b[2m) // Object.is equality\u001b[22m\n\nExpected: \u001b[32m\"BTC\"\u001b[39m\nReceived: \u001b[31mundefined\u001b[39m","name":"toBe","pass":false}}],"failureMessages":["Error: \u001b[2mexpect(\u001b[22m\u001b[31mreceived\u001b[39m\u001b[2m).\u001b[22mtoBe\u001b[2m(\u001b[22m\u001b[32mexpected\u001b[39m\u001b[2m) // Object.is equality\u001b[22m\n\nExpected: \u001b[32m\"BTC\"\u001b[39m\nReceived: \u001b[31mundefined\u001b[39m\n    at Object.<anonymous> (C:\\Users\\suvam\\Desktop\\VS code\\open-source-contribuitions\\SwapSmith\\bot\\src\\tests\\limit-order.test.ts:48:37)\n    at processTicksAndRejections (node:internal/process/task_queues:103:5)"],"fullName":"Limit Order Feature Parser Logic should parse exact condition: if BTC > 50000","invocations":1,"location":null,"numPassingAsserts":1,"retryReasons":[],"status":"failed","title":"should parse exact condition: if BTC > 50000"},{"ancestorTitles":["Limit Order Feature","Parser Logic"],"duration":1,"failureDetails":[{"matcherResult":{"expected":"ETH","message":"\u001b[2mexpect(\u001b[22m\u001b[31mreceived\u001b[39m\u001b[2m).\u001b[22mtoBe\u001b[2m(\u001b[22m\u001b[32mexpected\u001b[39m\u001b[2m) // Object.is equality\u001b[22m\n\nExpected: \u001b[32m\"ETH\"\u001b[39m\nReceived: \u001b[31mundefined\u001b[39m","name":"toBe","pass":false}}],"failureMessages":["Error: \u001b[2mexpect(\u001b[22m\u001b[31mreceived\u001b[39m\u001b[2m).\u001b[22mtoBe\u001b[2m(\u001b[22m\u001b[32mexpected\u001b[39m\u001b[2m) // Object.is equality\u001b[22m\n\nExpected: \u001b[32m\"ETH\"\u001b[39m\nReceived: \u001b[31mundefined\u001b[39m\n    at Object.<anonymous> (C:\\Users\\suvam\\Desktop\\VS code\\open-source-contribuitions\\SwapSmith\\bot\\src\\tests\\limit-order.test.ts:57:37)\n    at processTicksAndRejections (node:internal/process/task_queues:103:5)"],"fullName":"Limit Order Feature Parser Logic should parse implicit asset condition: if price goes above 3000","invocations":1,"location":null,"numPassingAsserts":2,"retryReasons":[],"status":"failed","title":"should parse implicit asset condition: if price goes above 3000"},{"ancestorTitles":["Limit Order Feature","Parser Logic"],"duration":0,"failureDetails":[{"matcherResult":{"expected":"SOL","message":"\u001b[2mexpect(\u001b[22m\u001b[31mreceived\u001b[39m\u001b[2m).\u001b[22mtoBe\u001b[2m(\u001b[22m\u001b[32mexpected\u001b[39m\u001b[2m) // Object.is equality\u001b[22m\n\nExpected: \u001b[32m\"SOL\"\u001b[39m\nReceived: \u001b[31mundefined\u001b[39m","name":"toBe","pass":false}}],"failureMessages":["Error: \u001b[2mexpect(\u001b[22m\u001b[31mreceived\u001b[39m\u001b[2m).\u001b[22mtoBe\u001b[2m(\u001b[22m\u001b[32mexpected\u001b[39m\u001b[2m) // Object.is equality\u001b[22m\n\nExpected: \u001b[32m\"SOL\"\u001b[39m\nReceived: \u001b[31mundefined\u001b[39m\n    at Object.<anonymous> (C:\\Users\\suvam\\Desktop\\VS code\\open-source-contribuitions\\SwapSmith\\bot\\src\\tests\\limit-order.test.ts:66:37)\n    at processTicksAndRejections (node:internal/process/task_queues:103:5)"],"fullName":"Limit Order Feature Parser Logic should parse drop condition: when SOL drops below 20","invocations":1,"location":null,"numPassingAsserts":2,"retryReasons":[],"status":"failed","title":"should parse drop condition: when SOL drops below 20"},{"ancestorTitles":["Limit Order Feature","Parser Logic"],"duration":1,"failureDetails":[{"matcherResult":{"expected":"lt","message":"\u001b[2mexpect(\u001b[22m\u001b[31mreceived\u001b[39m\u001b[2m).\u001b[22mtoBe\u001b[2m(\u001b[22m\u001b[32mexpected\u001b[39m\u001b[2m) // Object.is equality\u001b[22m\n\nExpected: \u001b[32m\"lt\"\u001b[39m\nReceived: \u001b[31mundefined\u001b[39m","name":"toBe","pass":false}}],"failureMessages":["Error: \u001b[2mexpect(\u001b[22m\u001b[31mreceived\u001b[39m\u001b[2m).\u001b[22mtoBe\u001b[2m(\u001b[22m\u001b[32mexpected\u001b[39m\u001b[2m) // Object.is equality\u001b[22m\n\nExpected: \u001b[32m\"lt\"\u001b[39m\nReceived: \u001b[31mundefined\u001b[39m\n    at Object.<anonymous> (C:\\Users\\suvam\\Desktop\\VS code\\open-source-contribuitions\\SwapSmith\\bot\\src\\tests\\limit-order.test.ts:73:41)\n    at processTicksAndRejections (node:internal/process/task_queues:103:5)"],"fullName":"Limit Order Feature Parser Logic should parse symbol less condition: if < 2000","invocations":1,"location":null,"numPassingAsserts":0,"retryReasons":[],"status":"failed","title":"should parse symbol less condition: if < 2000"}],"endTime":1772361999573,"message":"\u001b[1m\u001b[31m  \u001b[1m● \u001b[22m\u001b[1mLimit Order Feature › Parser Logic › should parse exact condition: if BTC > 50000\u001b[39m\u001b[22m\n\n    \u001b[2mexpect(\u001b[22m\u001b[31mreceived\u001b[39m\u001b[2m).\u001b[22mtoBe\u001b[2m(\u001b[22m\u001b[32mexpected\u001b[39m\u001b[2m) // Object.is equality\u001b[22m\n\n    Expected: \u001b[32m\"BTC\"\u001b[39m\n    Received: \u001b[31mundefined\u001b[39m\n\u001b[2m\u001b[22m\n\u001b[2m    \u001b[0m \u001b[90m 46 |\u001b[39m       \u001b[36mconst\u001b[39m result \u001b[33m=\u001b[39m \u001b[36mawait\u001b[39m parseUserCommand(\u001b[32m'Swap 1 ETH to USDC if BTC > 50000'\u001b[39m)\u001b[33m;\u001b[39m\u001b[22m\n\u001b[2m     \u001b[90m 47 |\u001b[39m       expect(result\u001b[33m.\u001b[39mintent)\u001b[33m.\u001b[39mtoBe(\u001b[32m'swap'\u001b[39m)\u001b[33m;\u001b[39m\u001b[22m\n\u001b[2m    \u001b[31m\u001b[1m>\u001b[22m\u001b[2m\u001b[39m\u001b[90m 48 |\u001b[39m       expect(result\u001b[33m.\u001b[39mconditionAsset)\u001b[33m.\u001b[39mtoBe(\u001b[32m'BTC'\u001b[39m)\u001b[33m;\u001b[39m\u001b[22m\n\u001b[2m     \u001b[90m    |\u001b[39m                                     \u001b[31m\u001b[1m^\u001b[22m\u001b[2m\u001b[39m\u001b[22m\n\u001b[2m     \u001b[90m 49 |\u001b[39m       expect(result\u001b[33m.\u001b[39mconditionOperator)\u001b[33m.\u001b[39mtoBe(\u001b[32m'gt'\u001b[39m)\u001b[33m;\u001b[39m\u001b[22m\n\u001b[2m     \u001b[90m 50 |\u001b[39m       expect(result\u001b[33m.\u001b[39mconditionValue)\u001b[33m.\u001b[39mtoBe(\u001b[35m50000\u001b[39m)\u001b[33m;\u001b[39m\u001b[22m\n\u001b[2m     \u001b[90m 51 |\u001b[39m     })\u001b[33m;\u001b[39m\u001b[0m\u001b[22m\n\u001b[2m\u001b[22m\n\u001b[2m      \u001b[2mat Object.<anonymous> (\u001b[22m\u001b[2m\u001b[0m\u001b[36msrc/tests/limit-order.test.ts\u001b[39m\u001b[0m\u001b[2m:48:37)\u001b[22m\u001b[2m\u001b[22m\n\n\u001b[1m\u001b[31m  \u001b[1m● \u001b[22m\u001b[1mLimit Order Feature › Parser Logic › should parse implicit asset condition: if price goes above 3000\u001b[39m\u001b[22m\n\n    \u001b[2mexpect(\u001b[22m\u001b[31mreceived\u001b[39m\u001b[2m).\u001b[22mtoBe\u001b[2m(\u001b[22m\u001b[32mexpected\u001b[39m\u001b[2m) // Object.is equality\u001b[22m\n\n    Expected: \u001b[32m\"ETH\"\u001b[39m\n    Received: \u001b[31mundefined\u001b[39m\n\u001b[2m\u001b[22m\n\u001b[2m    \u001b[0m \u001b[90m 55 |\u001b[39m       expect(result\u001b[33m.\u001b[39mintent)\u001b[33m.\u001b[39mtoBe(\u001b[32m'swap'\u001b[39m)\u001b[33m;\u001b[39m\u001b[22m\n\u001b[2m     \u001b[90m 56 |\u001b[39m       expect(result\u001b[33m.\u001b[39mfromAsset)\u001b[33m.\u001b[39mtoBe(\u001b[32m'ETH'\u001b[39m)\u001b[33m;\u001b[39m\u001b[22m\n\u001b[2m    \u001b[31m\u001b[1m>\u001b[22m\u001b[2m\u001b[39m\u001b[90m 57 |\u001b[39m       expect(result\u001b[33m.\u001b[39mconditionAsset)\u001b[33m.\u001b[39mtoBe(\u001b[32m'ETH'\u001b[39m)\u001b[33m;\u001b[39m \u001b[90m// Defaults to fromAsset\u001b[39m\u001b[22m\n\u001b[2m     \u001b[90m    |\u001b[39m                                     \u001b[31m\u001b[1m^\u001b[22m\u001b[2m\u001b[39m\u001b[22m\n\u001b[2m     \u001b[90m 58 |\u001b[39m       expect(result\u001b[33m.\u001b[39mconditionOperator)\u001b[33m.\u001b[39mtoBe(\u001b[32m'gt'\u001b[39m)\u001b[33m;\u001b[39m\u001b[22m\n\u001b[2m     \u001b[90m 59 |\u001b[39m       expect(result\u001b[33m.\u001b[39mconditionValue)\u001b[33m.\u001b[39mtoBe(\u001b[35m3000\u001b[39m)\u001b[33m;\u001b[39m\u001b[22m\n\u001b[2m     \u001b[90m 60 |\u001b[39m     })\u001b[33m;\u001b[39m\u001b[0m\u001b[22m\n\u001b[2m\u001b[22m\n\u001b[2m      \u001b[2mat Object.<anonymous> (\u001b[22m\u001b[2m\u001b[0m\u001b[36msrc/tests/limit-order.test.ts\u001b[39m\u001b[0m\u001b[2m:57:37)\u001b[22m\u001b[2m\u001b[22m\n\n\u001b[1m\u001b[31m  \u001b[1m● \u001b[22m\u001b[1mLimit Order Feature › Parser Logic › should parse drop condition: when SOL drops below 20\u001b[39m\u001b[22m\n\n    \u001b[2mexpect(\u001b[22m\u001b[31mreceived\u001b[39m\u001b[2m).\u001b[22mtoBe\u001b[2m(\u001b[22m\u001b[32mexpected\u001b[39m\u001b[2m) // Object.is equality\u001b[22m\n\n    Expected: \u001b[32m\"SOL\"\u001b[39m\n    Received: \u001b[31mundefined\u001b[39m\n\u001b[2m\u001b[22m\n\u001b[2m    \u001b[0m \u001b[90m 64 |\u001b[39m       expect(result\u001b[33m.\u001b[39mintent)\u001b[33m.\u001b[39mtoBe(\u001b[32m'swap'\u001b[39m)\u001b[33m;\u001b[39m\u001b[22m\n\u001b[2m     \u001b[90m 65 |\u001b[39m       expect(result\u001b[33m.\u001b[39mfromAsset)\u001b[33m.\u001b[39mtoBe(\u001b[32m'SOL'\u001b[39m)\u001b[33m;\u001b[39m\u001b[22m\n\u001b[2m    \u001b[31m\u001b[1m>\u001b[22m\u001b[2m\u001b[39m\u001b[90m 66 |\u001b[39m       expect(result\u001b[33m.\u001b[39mconditionAsset)\u001b[33m.\u001b[39mtoBe(\u001b[32m'SOL'\u001b[39m)\u001b[33m;\u001b[39m\u001b[22m\n\u001b[2m     \u001b[90m    |\u001b[39m                                     \u001b[31m\u001b[1m^\u001b[22m\u001b[2m\u001b[39m\u001b[22m\n\u001b[2m     \u001b[90m 67 |\u001b[39m       expect(result\u001b[33m.\u001b[39mconditionOperator)\u001b[33m.\u001b[39mtoBe(\u001b[32m'lt'\u001b[39m)\u001b[33m;\u001b[39m\u001b[22m\n\u001b[2m     \u001b[90m 68 |\u001b[39m       expect(result\u001b[33m.\u001b[39mconditionValue)\u001b[33m.\u001b[39mtoBe(\u001b[35m20\u001b[39m)\u001b[33m;\u001b[39m\u001b[22m\n\u001b[2m     \u001b[90m 69 |\u001b[39m     })\u001b[33m;\u001b[39m\u001b[0m\u001b[22m\n\u001b[2m\u001b[22m\n\u001b[2m      \u001b[2mat Object.<anonymous> (\u001b[22m\u001b[2m\u001b[0m\u001b[36msrc/tests/limit-order.test.ts\u001b[39m\u001b[0m\u001b[2m:66:37)\u001b[22m\u001b[2m\u001b[22m\n\n\u001b[1m\u001b[31m  \u001b[1m● \u001b[22m\u001b[1mLimit Order Feature › Parser Logic › should parse symbol less condition: if < 2000\u001b[39m\u001b[22m\n\n    \u001b[2mexpect(\u001b[22m\u001b[31mreceived\u001b[39m\u001b[2m).\u001b[22mtoBe\u001b[2m(\u001b[22m\u001b[32mexpected\u001b[39m\u001b[2m) // Object.is equality\u001b[22m\n\n    Expected: \u001b[32m\"lt\"\u001b[39m\n    Received: \u001b[31mundefined\u001b[39m\n\u001b[2m\u001b[22m\n\u001b[2m    \u001b[0m \u001b[90m 71 |\u001b[39m     it(\u001b[32m'should parse symbol less condition: if < 2000'\u001b[39m\u001b[33m,\u001b[39m \u001b[36masync\u001b[39m () \u001b[33m=>\u001b[39m {\u001b[22m\n\u001b[2m     \u001b[90m 72 |\u001b[39m        \u001b[36mconst\u001b[39m result \u001b[33m=\u001b[39m \u001b[36mawait\u001b[39m parseUserCommand(\u001b[32m'Swap ETH to USDC if < 2000'\u001b[39m)\u001b[33m;\u001b[39m\u001b[22m\n\u001b[2m    \u001b[31m\u001b[1m>\u001b[22m\u001b[2m\u001b[39m\u001b[90m 73 |\u001b[39m        expect(result\u001b[33m.\u001b[39mconditionOperator)\u001b[33m.\u001b[39mtoBe(\u001b[32m'lt'\u001b[39m)\u001b[33m;\u001b[39m\u001b[22m\n\u001b[2m     \u001b[90m    |\u001b[39m                                         \u001b[31m\u001b[1m^\u001b[22m\u001b[2m\u001b[39m\u001b[22m\n\u001b[2m     \u001b[90m 74 |\u001b[39m        expect(result\u001b[33m.\u001b[39mconditionValue)\u001b[33m.\u001b[39mtoBe(\u001b[35m2000\u001b[39m)\u001b[33m;\u001b[39m\u001b[22m\n\u001b[2m     \u001b[90m 75 |\u001b[39m        expect(result\u001b[33m.\u001b[39mconditionAsset)\u001b[33m.\u001b[39mtoBe(\u001b[32m'ETH'\u001b[39m)\u001b[33m;\u001b[39m\u001b[22m\n\u001b[2m     \u001b[90m 76 |\u001b[39m     })\u001b[33m;\u001b[39m\u001b[0m\u001b[22m\n\u001b[2m\u001b[22m\n\u001b[2m      \u001b[2mat Object.<anonymous> (\u001b[22m\u001b[2m\u001b[0m\u001b[36msrc/tests/limit-order.test.ts\u001b[39m\u001b[0m\u001b[2m:73:41)\u001b[22m\u001b[2m\u001b[22m\n","name":"C:\\Users\\suvam\\Desktop\\VS code\\open-source-contribuitions\\SwapSmith\\bot\\src\\tests\\limit-order.test.ts","startTime":1772361996182,"status":"failed","summary":""}],"wasInterrupted":false}
